#                                                                      --- full sequence ---- --- best 1 domain ---- --- domain number estimation ----
# target name        accession  query name                  accession    E-value  score  bias   E-value  score  bias   exp reg clu  ov env dom rep inc description of target
#------------------- ----------        -------------------- ---------- --------- ------ ----- --------- ------ -----   --- --- --- --- --- --- --- --- ---------------------
YP_003771257.1       -          aligned_combined_hsp70Agene -           7.9e-280  928.5  23.8  8.9e-280  928.3  23.8   1.0   1   0   0   1   1   1   1 molecular chaperone DnaK 
YP_003768560.1       -          aligned_combined_hsp70Agene -            1.1e-56  191.4   0.1   1.9e-56  190.7   0.1   1.3   1   1   0   1   1   1   1 molecular chaperone DnaK 
YP_003767333.1       -          aligned_combined_hsp70Agene -            2.3e-51  173.9   0.0   2.9e-51  173.5   0.0   1.1   1   0   0   1   1   1   1 chaperone protein DnaK-like protein 
YP_003764540.1       -          aligned_combined_hsp70Agene -            7.1e-38  129.3   0.0   9.4e-38  128.9   0.0   1.1   1   0   0   1   1   1   1 molecular chaperone Hsp70 
YP_003770822.1       -          aligned_combined_hsp70Agene -            8.9e-33  112.5   0.0   1.3e-32  111.9   0.0   1.2   1   0   0   1   1   1   1 molecular chaperone Hsp70 
YP_003762942.1       -          aligned_combined_hsp70Agene -            8.7e-29   99.3   0.0   1.3e-28   98.7   0.0   1.2   1   0   0   1   1   1   1 molecular chaperone 
YP_003763703.1       -          aligned_combined_hsp70Agene -            6.5e-06   23.7   0.0     8e-06   23.4   0.0   1.1   1   0   0   1   1   1   1 molecular chaperone DnaK-like protein 
YP_003762961.1       -          aligned_combined_hsp70Agene -              0.094   10.0   0.1      0.18    9.1   0.0   1.4   2   0   0   2   2   2   0 D-xylulose kinase 
#
# Program:         hmmsearch
# Version:         3.4 (Aug 2023)
# Pipeline mode:   SEARCH
# Query file:      hsp70.hmm
# Target file:     ./proteomes/proteome_22.fasta
# Option settings: ./hmmsearch --tblout hsp70Proteome_22.output hsp70.hmm ./proteomes/proteome_22.fasta 
# Current dir:     /escnfs/home/meleazar/biocomputing/BioinformaticsProject
# Date:            Sat Oct 14 03:26:37 2023
# [ok]
